<?xml version="1.0" encoding="UTF-8"?>
<testsuite xmlns:xsi="http://www.w3.org/2001/XMLSchema-instance" xsi:noNamespaceSchemaLocation="https://maven.apache.org/surefire/maven-surefire-plugin/xsd/surefire-test-report-3.0.xsd" version="3.0" name="test.CartStringWeaknessTest" time="0.005" tests="3" errors="0" skipped="0" failures="0">
  <properties>
[...]
</properties>
  <testcase name="testCannotApplyDiscountPerItem" classname="test.CartStringWeaknessTest" time="0.001">
    <system-out><![CDATA[PROOF: Applying discount required String parsing.
item.applyDiscount(0.10) is impossible with List<String>.
Business logic cannot live in text manipulation.
]]></system-out>
  </testcase>
  <testcase name="testDuplicateProductsCannotBeGrouped" classname="test.CartStringWeaknessTest" time="0.001">
    <system-out><![CDATA[PROOF: Same product appears 2 times.
There is no way to call item.getQuantity().
String-based cart has no domain meaning.
]]></system-out>
  </testcase>
  <testcase name="testCannotRemoveSpecificProduct" classname="test.CartStringWeaknessTest" time="0.001">
    <system-out><![CDATA[PROOF: Removing a product requires string parsing.
No proper domain method exists.
cart.remove(productId) is impossible with List<String>.
]]></system-out>
  </testcase>
</testsuite>